{"/Users/robertsasu/RustProjects/agentic-payments/mpp-facilitator-mvx/src/app.controller.ts": {"path":"/Users/robertsasu/RustProjects/agentic-payments/mpp-facilitator-mvx/src/app.controller.ts","statementMap":{"0":{"start":{"line":4,"column":0},"end":{"line":4,"column":null}},"1":{"start":{"line":18,"column":0},"end":{"line":18,"column":45}},"2":{"start":{"line":19,"column":0},"end":{"line":19,"column":69}},"3":{"start":{"line":20,"column":0},"end":{"line":20,"column":51}},"4":{"start":{"line":24,"column":44},"end":{"line":24,"column":53}},"5":{"start":{"line":26,"column":21},"end":{"line":26,"column":37}},"6":{"start":{"line":27,"column":21},"end":{"line":27,"column":40}},"7":{"start":{"line":31,"column":16},"end":{"line":31,"column":26}},"8":{"start":{"line":32,"column":23},"end":{"line":32,"column":51}},"9":{"start":{"line":33,"column":18},"end":{"line":33,"column":67}},"10":{"start":{"line":33,"column":43},"end":{"line":33,"column":66}},"11":{"start":{"line":34,"column":4},"end":{"line":34,"column":55}},"12":{"start":{"line":34,"column":42},"end":{"line":34,"column":55}},"13":{"start":{"line":35,"column":4},"end":{"line":35,"column":20}},"14":{"start":{"line":36,"column":4},"end":{"line":36,"column":34}},"15":{"start":{"line":37,"column":4},"end":{"line":37,"column":16}},"16":{"start":{"line":42,"column":7},"end":{"line":325,"column":null}},"17":{"start":{"line":43,"column":40},"end":{"line":45,"column":null}},"18":{"start":{"line":49,"column":21},"end":{"line":49,"column":34}},"19":{"start":{"line":50,"column":21},"end":{"line":50,"column":37}},"20":{"start":{"line":51,"column":21},"end":{"line":51,"column":37}},"21":{"start":{"line":59,"column":20},"end":{"line":59,"column":76}},"22":{"start":{"line":60,"column":21},"end":{"line":63,"column":6}},"23":{"start":{"line":66,"column":7},"end":{"line":68,"column":27}},"24":{"start":{"line":70,"column":19},"end":{"line":70,"column":45}},"25":{"start":{"line":71,"column":19},"end":{"line":71,"column":36}},"26":{"start":{"line":72,"column":17},"end":{"line":72,"column":54}},"27":{"start":{"line":74,"column":26},"end":{"line":77,"column":6}},"28":{"start":{"line":78,"column":19},"end":{"line":78,"column":48}},"29":{"start":{"line":80,"column":4},"end":{"line":111,"column":5}},"30":{"start":{"line":81,"column":32},"end":{"line":81,"column":60}},"31":{"start":{"line":84,"column":6},"end":{"line":86,"column":8}},"32":{"start":{"line":85,"column":8},"end":{"line":85,"column":31}},"33":{"start":{"line":89,"column":6},"end":{"line":89,"column":49}},"34":{"start":{"line":90,"column":6},"end":{"line":90,"column":64}},"35":{"start":{"line":92,"column":27},"end":{"line":92,"column":57}},"36":{"start":{"line":96,"column":22},"end":{"line":96,"column":56}},"37":{"start":{"line":97,"column":26},"end":{"line":97,"column":58}},"38":{"start":{"line":100,"column":28},"end":{"line":107,"column":8}},"39":{"start":{"line":109,"column":6},"end":{"line":109,"column":42}},"40":{"start":{"line":110,"column":6},"end":{"line":110,"column":13}},"41":{"start":{"line":113,"column":4},"end":{"line":122,"column":5}},"42":{"start":{"line":114,"column":30},"end":{"line":115,"column":null}},"43":{"start":{"line":117,"column":7},"end":{"line":119,"column":8}},"44":{"start":{"line":118,"column":38},"end":{"line":118,"column":61}},"45":{"start":{"line":120,"column":6},"end":{"line":120,"column":71}},"46":{"start":{"line":121,"column":6},"end":{"line":121,"column":13}},"47":{"start":{"line":124,"column":4},"end":{"line":124,"column":46}},"48":{"start":{"line":132,"column":20},"end":{"line":132,"column":76}},"49":{"start":{"line":133,"column":21},"end":{"line":136,"column":6}},"50":{"start":{"line":139,"column":7},"end":{"line":141,"column":27}},"51":{"start":{"line":143,"column":19},"end":{"line":143,"column":45}},"52":{"start":{"line":144,"column":19},"end":{"line":144,"column":36}},"53":{"start":{"line":145,"column":17},"end":{"line":145,"column":54}},"54":{"start":{"line":147,"column":26},"end":{"line":150,"column":6}},"55":{"start":{"line":151,"column":19},"end":{"line":151,"column":48}},"56":{"start":{"line":153,"column":4},"end":{"line":178,"column":5}},"57":{"start":{"line":154,"column":32},"end":{"line":154,"column":60}},"58":{"start":{"line":156,"column":6},"end":{"line":158,"column":8}},"59":{"start":{"line":157,"column":8},"end":{"line":157,"column":31}},"60":{"start":{"line":160,"column":6},"end":{"line":160,"column":49}},"61":{"start":{"line":161,"column":6},"end":{"line":161,"column":64}},"62":{"start":{"line":163,"column":27},"end":{"line":163,"column":57}},"63":{"start":{"line":164,"column":22},"end":{"line":164,"column":56}},"64":{"start":{"line":165,"column":26},"end":{"line":165,"column":58}},"65":{"start":{"line":167,"column":28},"end":{"line":174,"column":8}},"66":{"start":{"line":176,"column":6},"end":{"line":176,"column":42}},"67":{"start":{"line":177,"column":6},"end":{"line":177,"column":13}},"68":{"start":{"line":180,"column":4},"end":{"line":189,"column":5}},"69":{"start":{"line":181,"column":30},"end":{"line":182,"column":null}},"70":{"start":{"line":184,"column":7},"end":{"line":186,"column":8}},"71":{"start":{"line":185,"column":38},"end":{"line":185,"column":61}},"72":{"start":{"line":187,"column":6},"end":{"line":187,"column":71}},"73":{"start":{"line":188,"column":6},"end":{"line":188,"column":13}},"74":{"start":{"line":191,"column":4},"end":{"line":191,"column":46}},"75":{"start":{"line":199,"column":20},"end":{"line":199,"column":76}},"76":{"start":{"line":200,"column":21},"end":{"line":203,"column":6}},"77":{"start":{"line":206,"column":7},"end":{"line":208,"column":27}},"78":{"start":{"line":210,"column":19},"end":{"line":210,"column":45}},"79":{"start":{"line":211,"column":19},"end":{"line":211,"column":36}},"80":{"start":{"line":212,"column":17},"end":{"line":212,"column":54}},"81":{"start":{"line":214,"column":26},"end":{"line":217,"column":6}},"82":{"start":{"line":218,"column":19},"end":{"line":218,"column":48}},"83":{"start":{"line":220,"column":4},"end":{"line":245,"column":5}},"84":{"start":{"line":221,"column":32},"end":{"line":221,"column":60}},"85":{"start":{"line":223,"column":6},"end":{"line":225,"column":8}},"86":{"start":{"line":224,"column":8},"end":{"line":224,"column":31}},"87":{"start":{"line":227,"column":6},"end":{"line":227,"column":49}},"88":{"start":{"line":228,"column":6},"end":{"line":228,"column":64}},"89":{"start":{"line":230,"column":27},"end":{"line":230,"column":57}},"90":{"start":{"line":231,"column":22},"end":{"line":231,"column":56}},"91":{"start":{"line":232,"column":26},"end":{"line":232,"column":58}},"92":{"start":{"line":234,"column":28},"end":{"line":241,"column":8}},"93":{"start":{"line":243,"column":6},"end":{"line":243,"column":42}},"94":{"start":{"line":244,"column":6},"end":{"line":244,"column":13}},"95":{"start":{"line":247,"column":4},"end":{"line":256,"column":5}},"96":{"start":{"line":248,"column":30},"end":{"line":249,"column":null}},"97":{"start":{"line":251,"column":7},"end":{"line":253,"column":8}},"98":{"start":{"line":252,"column":38},"end":{"line":252,"column":61}},"99":{"start":{"line":254,"column":6},"end":{"line":254,"column":71}},"100":{"start":{"line":255,"column":6},"end":{"line":255,"column":13}},"101":{"start":{"line":258,"column":4},"end":{"line":258,"column":46}},"102":{"start":{"line":267,"column":25},"end":{"line":267,"column":62}},"103":{"start":{"line":268,"column":4},"end":{"line":273,"column":5}},"104":{"start":{"line":269,"column":6},"end":{"line":272,"column":8}},"105":{"start":{"line":275,"column":4},"end":{"line":281,"column":5}},"106":{"start":{"line":276,"column":21},"end":{"line":276,"column":71}},"107":{"start":{"line":277,"column":6},"end":{"line":277,"column":39}},"108":{"start":{"line":279,"column":22},"end":{"line":279,"column":76}},"109":{"start":{"line":280,"column":6},"end":{"line":280,"column":63}},"110":{"start":{"line":286,"column":20},"end":{"line":286,"column":59}},"111":{"start":{"line":287,"column":4},"end":{"line":289,"column":5}},"112":{"start":{"line":288,"column":6},"end":{"line":288,"column":78}},"113":{"start":{"line":290,"column":4},"end":{"line":290,"column":23}},"114":{"start":{"line":308,"column":4},"end":{"line":322,"column":7}},"115":{"start":{"line":323,"column":4},"end":{"line":323,"column":51}},"116":{"start":{"line":42,"column":13},"end":{"line":42,"column":26}},"117":{"start":{"line":55,"column":8},"end":{"line":125,"column":null}},"118":{"start":{"line":128,"column":8},"end":{"line":192,"column":null}},"119":{"start":{"line":195,"column":8},"end":{"line":259,"column":null}},"120":{"start":{"line":262,"column":8},"end":{"line":282,"column":null}},"121":{"start":{"line":285,"column":2},"end":{"line":291,"column":null}},"122":{"start":{"line":294,"column":8},"end":{"line":324,"column":null}},"123":{"start":{"line":42,"column":13},"end":{"line":325,"column":null}}},"fnMap":{"0":{"name":"(anonymous_4)","decl":{"start":{"line":25,"column":2},"end":{"line":25,"column":null}},"loc":{"start":{"line":27,"column":40},"end":{"line":28,"column":6}}},"1":{"name":"(anonymous_5)","decl":{"start":{"line":30,"column":2},"end":{"line":30,"column":11}},"loc":{"start":{"line":30,"column":23},"end":{"line":38,"column":3}}},"2":{"name":"(anonymous_6)","decl":{"start":{"line":33,"column":36},"end":{"line":33,"column":37}},"loc":{"start":{"line":33,"column":43},"end":{"line":33,"column":66}}},"3":{"name":"(anonymous_7)","decl":{"start":{"line":48,"column":2},"end":{"line":48,"column":null}},"loc":{"start":{"line":51,"column":51},"end":{"line":52,"column":6}}},"4":{"name":"(anonymous_8)","decl":{"start":{"line":55,"column":8},"end":{"line":55,"column":28}},"loc":{"start":{"line":57,"column":31},"end":{"line":125,"column":3}}},"5":{"name":"(anonymous_9)","decl":{"start":{"line":84,"column":40},"end":{"line":84,"column":41}},"loc":{"start":{"line":85,"column":8},"end":{"line":85,"column":31}}},"6":{"name":"(anonymous_10)","decl":{"start":{"line":118,"column":8},"end":{"line":118,"column":9}},"loc":{"start":{"line":118,"column":38},"end":{"line":118,"column":61}}},"7":{"name":"(anonymous_11)","decl":{"start":{"line":128,"column":8},"end":{"line":128,"column":26}},"loc":{"start":{"line":130,"column":31},"end":{"line":192,"column":3}}},"8":{"name":"(anonymous_12)","decl":{"start":{"line":156,"column":40},"end":{"line":156,"column":41}},"loc":{"start":{"line":157,"column":8},"end":{"line":157,"column":31}}},"9":{"name":"(anonymous_13)","decl":{"start":{"line":185,"column":8},"end":{"line":185,"column":9}},"loc":{"start":{"line":185,"column":38},"end":{"line":185,"column":61}}},"10":{"name":"(anonymous_14)","decl":{"start":{"line":195,"column":8},"end":{"line":195,"column":31}},"loc":{"start":{"line":197,"column":31},"end":{"line":259,"column":3}}},"11":{"name":"(anonymous_15)","decl":{"start":{"line":223,"column":40},"end":{"line":223,"column":41}},"loc":{"start":{"line":224,"column":8},"end":{"line":224,"column":31}}},"12":{"name":"(anonymous_16)","decl":{"start":{"line":252,"column":8},"end":{"line":252,"column":9}},"loc":{"start":{"line":252,"column":38},"end":{"line":252,"column":61}}},"13":{"name":"(anonymous_17)","decl":{"start":{"line":262,"column":8},"end":{"line":262,"column":23}},"loc":{"start":{"line":264,"column":30},"end":{"line":282,"column":3}}},"14":{"name":"(anonymous_18)","decl":{"start":{"line":285,"column":2},"end":{"line":285,"column":19}},"loc":{"start":{"line":285,"column":19},"end":{"line":291,"column":3}}},"15":{"name":"(anonymous_19)","decl":{"start":{"line":294,"column":8},"end":{"line":294,"column":23}},"loc":{"start":{"line":306,"column":5},"end":{"line":324,"column":3}}}},"branchMap":{"0":{"loc":{"start":{"line":32,"column":23},"end":{"line":32,"column":51}},"type":"binary-expr","locations":[{"start":{"line":32,"column":23},"end":{"line":32,"column":45}},{"start":{"line":32,"column":49},"end":{"line":32,"column":51}}]},"1":{"loc":{"start":{"line":34,"column":4},"end":{"line":34,"column":55}},"type":"if","locations":[{"start":{"line":34,"column":4},"end":{"line":34,"column":55}},{"start":{},"end":{}}]},"2":{"loc":{"start":{"line":45,"column":13},"end":{"line":45,"column":53}},"type":"binary-expr","locations":[{"start":{"line":45,"column":13},"end":{"line":45,"column":45}},{"start":{"line":45,"column":49},"end":{"line":45,"column":53}}]},"3":{"loc":{"start":{"line":66,"column":7},"end":{"line":68,"column":27}},"type":"binary-expr","locations":[{"start":{"line":66,"column":7},"end":{"line":66,"column":34}},{"start":{"line":67,"column":6},"end":{"line":67,"column":36}},{"start":{"line":68,"column":6},"end":{"line":68,"column":27}}]},"4":{"loc":{"start":{"line":72,"column":17},"end":{"line":72,"column":54}},"type":"cond-expr","locations":[{"start":{"line":72,"column":26},"end":{"line":72,"column":42}},{"start":{"line":72,"column":45},"end":{"line":72,"column":54}}]},"5":{"loc":{"start":{"line":80,"column":4},"end":{"line":111,"column":5}},"type":"if","locations":[{"start":{"line":80,"column":4},"end":{"line":111,"column":5}},{"start":{},"end":{}}]},"6":{"loc":{"start":{"line":97,"column":26},"end":{"line":97,"column":58}},"type":"cond-expr","locations":[{"start":{"line":97,"column":36},"end":{"line":97,"column":46}},{"start":{"line":97,"column":49},"end":{"line":97,"column":58}}]},"7":{"loc":{"start":{"line":113,"column":4},"end":{"line":122,"column":5}},"type":"if","locations":[{"start":{"line":113,"column":4},"end":{"line":122,"column":5}},{"start":{},"end":{}}]},"8":{"loc":{"start":{"line":139,"column":7},"end":{"line":141,"column":27}},"type":"binary-expr","locations":[{"start":{"line":139,"column":7},"end":{"line":139,"column":34}},{"start":{"line":140,"column":6},"end":{"line":140,"column":36}},{"start":{"line":141,"column":6},"end":{"line":141,"column":27}}]},"9":{"loc":{"start":{"line":145,"column":17},"end":{"line":145,"column":54}},"type":"cond-expr","locations":[{"start":{"line":145,"column":26},"end":{"line":145,"column":42}},{"start":{"line":145,"column":45},"end":{"line":145,"column":54}}]},"10":{"loc":{"start":{"line":153,"column":4},"end":{"line":178,"column":5}},"type":"if","locations":[{"start":{"line":153,"column":4},"end":{"line":178,"column":5}},{"start":{},"end":{}}]},"11":{"loc":{"start":{"line":165,"column":26},"end":{"line":165,"column":58}},"type":"cond-expr","locations":[{"start":{"line":165,"column":36},"end":{"line":165,"column":46}},{"start":{"line":165,"column":49},"end":{"line":165,"column":58}}]},"12":{"loc":{"start":{"line":180,"column":4},"end":{"line":189,"column":5}},"type":"if","locations":[{"start":{"line":180,"column":4},"end":{"line":189,"column":5}},{"start":{},"end":{}}]},"13":{"loc":{"start":{"line":206,"column":7},"end":{"line":208,"column":27}},"type":"binary-expr","locations":[{"start":{"line":206,"column":7},"end":{"line":206,"column":34}},{"start":{"line":207,"column":6},"end":{"line":207,"column":36}},{"start":{"line":208,"column":6},"end":{"line":208,"column":27}}]},"14":{"loc":{"start":{"line":212,"column":17},"end":{"line":212,"column":54}},"type":"cond-expr","locations":[{"start":{"line":212,"column":26},"end":{"line":212,"column":42}},{"start":{"line":212,"column":45},"end":{"line":212,"column":54}}]},"15":{"loc":{"start":{"line":220,"column":4},"end":{"line":245,"column":5}},"type":"if","locations":[{"start":{"line":220,"column":4},"end":{"line":245,"column":5}},{"start":{},"end":{}}]},"16":{"loc":{"start":{"line":232,"column":26},"end":{"line":232,"column":58}},"type":"cond-expr","locations":[{"start":{"line":232,"column":36},"end":{"line":232,"column":46}},{"start":{"line":232,"column":49},"end":{"line":232,"column":58}}]},"17":{"loc":{"start":{"line":247,"column":4},"end":{"line":256,"column":5}},"type":"if","locations":[{"start":{"line":247,"column":4},"end":{"line":256,"column":5}},{"start":{},"end":{}}]},"18":{"loc":{"start":{"line":267,"column":25},"end":{"line":267,"column":62}},"type":"binary-expr","locations":[{"start":{"line":267,"column":25},"end":{"line":267,"column":39}},{"start":{"line":267,"column":43},"end":{"line":267,"column":49}},{"start":{"line":267,"column":53},"end":{"line":267,"column":62}}]},"19":{"loc":{"start":{"line":268,"column":4},"end":{"line":273,"column":5}},"type":"if","locations":[{"start":{"line":268,"column":4},"end":{"line":273,"column":5}},{"start":{},"end":{}}]},"20":{"loc":{"start":{"line":279,"column":22},"end":{"line":279,"column":76}},"type":"cond-expr","locations":[{"start":{"line":279,"column":47},"end":{"line":279,"column":60}},{"start":{"line":279,"column":63},"end":{"line":279,"column":76}}]},"21":{"loc":{"start":{"line":287,"column":4},"end":{"line":289,"column":5}},"type":"if","locations":[{"start":{"line":287,"column":4},"end":{"line":289,"column":5}},{"start":{},"end":{}}]},"22":{"loc":{"start":{"line":314,"column":16},"end":{"line":314,"column":39}},"type":"binary-expr","locations":[{"start":{"line":314,"column":16},"end":{"line":314,"column":29}},{"start":{"line":314,"column":33},"end":{"line":314,"column":39}}]},"23":{"loc":{"start":{"line":315,"column":15},"end":{"line":315,"column":34}},"type":"binary-expr","locations":[{"start":{"line":315,"column":15},"end":{"line":315,"column":27}},{"start":{"line":315,"column":31},"end":{"line":315,"column":34}}]},"24":{"loc":{"start":{"line":318,"column":17},"end":{"line":318,"column":65}},"type":"cond-expr","locations":[{"start":{"line":318,"column":34},"end":{"line":318,"column":58}},{"start":{"line":318,"column":61},"end":{"line":318,"column":65}}]},"25":{"loc":{"start":{"line":319,"column":14},"end":{"line":319,"column":33}},"type":"binary-expr","locations":[{"start":{"line":319,"column":14},"end":{"line":319,"column":25}},{"start":{"line":319,"column":29},"end":{"line":319,"column":33}}]},"26":{"loc":{"start":{"line":320,"column":14},"end":{"line":320,"column":33}},"type":"binary-expr","locations":[{"start":{"line":320,"column":14},"end":{"line":320,"column":25}},{"start":{"line":320,"column":29},"end":{"line":320,"column":33}}]},"27":{"loc":{"start":{"line":321,"column":14},"end":{"line":321,"column":33}},"type":"binary-expr","locations":[{"start":{"line":321,"column":14},"end":{"line":321,"column":25}},{"start":{"line":321,"column":29},"end":{"line":321,"column":33}}]},"28":{"loc":{"start":{"line":263,"column":21},"end":{"line":263,"column":null}},"type":"cond-expr","locations":[{"start":{"line":263,"column":37},"end":{"line":263,"column":null}},{"start":{"line":263,"column":37},"end":{"line":263,"column":null}}]},"29":{"loc":{"start":{"line":263,"column":21},"end":{"line":263,"column":37}},"type":"binary-expr","locations":[{"start":{"line":263,"column":21},"end":{"line":263,"column":null}},{"start":{"line":263,"column":21},"end":{"line":263,"column":37}}]},"30":{"loc":{"start":{"line":49,"column":34},"end":{"line":49,"column":null}},"type":"cond-expr","locations":[{"start":{"line":49,"column":45},"end":{"line":49,"column":null}},{"start":{"line":49,"column":45},"end":{"line":49,"column":null}}]},"31":{"loc":{"start":{"line":49,"column":34},"end":{"line":49,"column":45}},"type":"binary-expr","locations":[{"start":{"line":49,"column":34},"end":{"line":49,"column":null}},{"start":{"line":49,"column":34},"end":{"line":49,"column":45}}]},"32":{"loc":{"start":{"line":49,"column":45},"end":{"line":50,"column":null}},"type":"cond-expr","locations":[{"start":{"line":50,"column":51},"end":{"line":50,"column":null}},{"start":{"line":50,"column":51},"end":{"line":50,"column":null}}]},"33":{"loc":{"start":{"line":49,"column":45},"end":{"line":50,"column":51}},"type":"binary-expr","locations":[{"start":{"line":49,"column":45},"end":{"line":50,"column":null}},{"start":{"line":50,"column":37},"end":{"line":50,"column":51}}]},"34":{"loc":{"start":{"line":50,"column":51},"end":{"line":51,"column":null}},"type":"cond-expr","locations":[{"start":{"line":51,"column":51},"end":{"line":51,"column":null}},{"start":{"line":51,"column":51},"end":{"line":51,"column":null}}]},"35":{"loc":{"start":{"line":50,"column":51},"end":{"line":51,"column":51}},"type":"binary-expr","locations":[{"start":{"line":50,"column":51},"end":{"line":51,"column":null}},{"start":{"line":51,"column":37},"end":{"line":51,"column":51}}]}},"s":{"0":1,"1":1,"2":1,"3":1,"4":11,"5":11,"6":11,"7":2,"8":2,"9":2,"10":0,"11":2,"12":0,"13":2,"14":2,"15":2,"16":1,"17":11,"18":11,"19":11,"20":11,"21":2,"22":2,"23":2,"24":2,"25":2,"26":2,"27":2,"28":2,"29":2,"30":1,"31":1,"32":0,"33":1,"34":1,"35":1,"36":1,"37":1,"38":1,"39":1,"40":1,"41":1,"42":1,"43":1,"44":1,"45":1,"46":1,"47":0,"48":2,"49":2,"50":2,"51":2,"52":2,"53":2,"54":2,"55":2,"56":2,"57":1,"58":1,"59":0,"60":1,"61":1,"62":1,"63":1,"64":1,"65":1,"66":1,"67":1,"68":1,"69":1,"70":1,"71":0,"72":1,"73":1,"74":0,"75":2,"76":2,"77":2,"78":2,"79":2,"80":2,"81":2,"82":2,"83":2,"84":1,"85":1,"86":0,"87":1,"88":1,"89":1,"90":1,"91":1,"92":1,"93":1,"94":1,"95":1,"96":1,"97":1,"98":0,"99":1,"100":1,"101":0,"102":2,"103":2,"104":0,"105":2,"106":2,"107":1,"108":1,"109":1,"110":2,"111":2,"112":1,"113":1,"114":1,"115":1,"116":1,"117":1,"118":1,"119":1,"120":1,"121":1,"122":1,"123":1},"f":{"0":11,"1":2,"2":0,"3":11,"4":2,"5":0,"6":1,"7":2,"8":0,"9":0,"10":2,"11":0,"12":0,"13":2,"14":2,"15":1},"b":{"0":[2,2],"1":[0,2],"2":[11,11],"3":[2,2,2],"4":[0,2],"5":[1,1],"6":[1,0],"7":[1,0],"8":[2,2,2],"9":[0,2],"10":[1,1],"11":[1,0],"12":[1,0],"13":[2,2,2],"14":[0,2],"15":[1,1],"16":[1,0],"17":[1,0],"18":[2,0,0],"19":[0,2],"20":[1,0],"21":[1,1],"22":[1,0],"23":[1,1],"24":[0,1],"25":[1,1],"26":[1,1],"27":[1,1],"28":[1,0],"29":[1,1],"30":[1,0],"31":[1,1],"32":[1,0],"33":[1,1],"34":[1,0],"35":[1,1]}}
,"/Users/robertsasu/RustProjects/agentic-payments/mpp-facilitator-mvx/src/app.module.ts": {"path":"/Users/robertsasu/RustProjects/agentic-payments/mpp-facilitator-mvx/src/app.module.ts","statementMap":{"0":{"start":{"line":1,"column":0},"end":{"line":1,"column":40}},"1":{"start":{"line":2,"column":0},"end":{"line":2,"column":49}},"2":{"start":{"line":3,"column":0},"end":{"line":3,"column":43}},"3":{"start":{"line":4,"column":0},"end":{"line":4,"column":51}},"4":{"start":{"line":5,"column":0},"end":{"line":5,"column":53}},"5":{"start":{"line":6,"column":0},"end":{"line":6,"column":45}},"6":{"start":{"line":7,"column":0},"end":{"line":7,"column":51}},"7":{"start":{"line":8,"column":0},"end":{"line":8,"column":61}},"8":{"start":{"line":9,"column":0},"end":{"line":9,"column":49}},"9":{"start":{"line":23,"column":7},"end":{"line":23,"column":null}},"10":{"start":{"line":23,"column":13},"end":{"line":23,"column":22}},"11":{"start":{"line":23,"column":13},"end":{"line":23,"column":null}}},"fnMap":{},"branchMap":{},"s":{"0":0,"1":0,"2":0,"3":0,"4":0,"5":0,"6":0,"7":0,"8":0,"9":0,"10":0,"11":0},"f":{},"b":{}}
,"/Users/robertsasu/RustProjects/agentic-payments/mpp-facilitator-mvx/src/app.service.ts": {"path":"/Users/robertsasu/RustProjects/agentic-payments/mpp-facilitator-mvx/src/app.service.ts","statementMap":{"0":{"start":{"line":1,"column":0},"end":{"line":1,"column":44}},"1":{"start":{"line":4,"column":7},"end":{"line":8,"column":null}},"2":{"start":{"line":6,"column":4},"end":{"line":6,"column":26}},"3":{"start":{"line":4,"column":13},"end":{"line":4,"column":23}},"4":{"start":{"line":4,"column":13},"end":{"line":8,"column":null}}},"fnMap":{"0":{"name":"(anonymous_1)","decl":{"start":{"line":5,"column":2},"end":{"line":5,"column":10}},"loc":{"start":{"line":5,"column":10},"end":{"line":7,"column":3}}}},"branchMap":{},"s":{"0":0,"1":0,"2":0,"3":0,"4":0},"f":{"0":0},"b":{}}
,"/Users/robertsasu/RustProjects/agentic-payments/mpp-facilitator-mvx/src/discovery.controller.ts": {"path":"/Users/robertsasu/RustProjects/agentic-payments/mpp-facilitator-mvx/src/discovery.controller.ts","statementMap":{"0":{"start":{"line":1,"column":0},"end":{"line":1,"column":54}},"1":{"start":{"line":12,"column":7},"end":{"line":459,"column":null}},"2":{"start":{"line":15,"column":21},"end":{"line":15,"column":63}},"3":{"start":{"line":16,"column":20},"end":{"line":16,"column":51}},"4":{"start":{"line":17,"column":18},"end":{"line":17,"column":65}},"5":{"start":{"line":18,"column":20},"end":{"line":18,"column":71}},"6":{"start":{"line":20,"column":24},"end":{"line":453,"column":6}},"7":{"start":{"line":455,"column":4},"end":{"line":455,"column":54}},"8":{"start":{"line":456,"column":4},"end":{"line":456,"column":50}},"9":{"start":{"line":457,"column":4},"end":{"line":457,"column":38}},"10":{"start":{"line":12,"column":13},"end":{"line":12,"column":32}},"11":{"start":{"line":14,"column":2},"end":{"line":458,"column":null}},"12":{"start":{"line":12,"column":13},"end":{"line":459,"column":null}}},"fnMap":{"0":{"name":"(anonymous_4)","decl":{"start":{"line":14,"column":2},"end":{"line":14,"column":16}},"loc":{"start":{"line":14,"column":44},"end":{"line":458,"column":3}}}},"branchMap":{"0":{"loc":{"start":{"line":15,"column":21},"end":{"line":15,"column":63}},"type":"binary-expr","locations":[{"start":{"line":15,"column":21},"end":{"line":15,"column":53}},{"start":{"line":15,"column":57},"end":{"line":15,"column":63}}]},"1":{"loc":{"start":{"line":16,"column":20},"end":{"line":16,"column":51}},"type":"binary-expr","locations":[{"start":{"line":16,"column":20},"end":{"line":16,"column":44}},{"start":{"line":16,"column":48},"end":{"line":16,"column":51}}]},"2":{"loc":{"start":{"line":17,"column":18},"end":{"line":17,"column":65}},"type":"binary-expr","locations":[{"start":{"line":17,"column":18},"end":{"line":17,"column":39}},{"start":{"line":17,"column":43},"end":{"line":17,"column":65}}]},"3":{"loc":{"start":{"line":18,"column":20},"end":{"line":18,"column":71}},"type":"binary-expr","locations":[{"start":{"line":18,"column":20},"end":{"line":18,"column":44}},{"start":{"line":18,"column":48},"end":{"line":18,"column":71}}]}},"s":{"0":1,"1":1,"2":6,"3":6,"4":6,"5":6,"6":6,"7":6,"8":6,"9":6,"10":1,"11":1,"12":1},"f":{"0":6},"b":{"0":[6,0],"1":[6,0],"2":[6,0],"3":[6,0]}}
,"/Users/robertsasu/RustProjects/agentic-payments/mpp-facilitator-mvx/src/main.ts": {"path":"/Users/robertsasu/RustProjects/agentic-payments/mpp-facilitator-mvx/src/main.ts","statementMap":{"0":{"start":{"line":1,"column":0},"end":{"line":1,"column":43}},"1":{"start":{"line":2,"column":0},"end":{"line":2,"column":41}},"2":{"start":{"line":5,"column":14},"end":{"line":5,"column":49}},"3":{"start":{"line":6,"column":2},"end":{"line":6,"column":45}},"4":{"start":{"line":8,"column":0},"end":{"line":11,"column":3}},"5":{"start":{"line":9,"column":2},"end":{"line":9,"column":21}},"6":{"start":{"line":10,"column":2},"end":{"line":10,"column":18}}},"fnMap":{"0":{"name":"bootstrap","decl":{"start":{"line":4,"column":15},"end":{"line":4,"column":24}},"loc":{"start":{"line":4,"column":24},"end":{"line":7,"column":1}}},"1":{"name":"(anonymous_1)","decl":{"start":{"line":8,"column":18},"end":{"line":8,"column":19}},"loc":{"start":{"line":8,"column":26},"end":{"line":11,"column":1}}}},"branchMap":{"0":{"loc":{"start":{"line":6,"column":19},"end":{"line":6,"column":43}},"type":"binary-expr","locations":[{"start":{"line":6,"column":19},"end":{"line":6,"column":35}},{"start":{"line":6,"column":39},"end":{"line":6,"column":43}}]}},"s":{"0":0,"1":0,"2":0,"3":0,"4":0,"5":0,"6":0},"f":{"0":0,"1":0},"b":{"0":[0,0]}}
,"/Users/robertsasu/RustProjects/agentic-payments/mpp-facilitator-mvx/src/mppx.service.ts": {"path":"/Users/robertsasu/RustProjects/agentic-payments/mpp-facilitator-mvx/src/mppx.service.ts","statementMap":{"0":{"start":{"line":1,"column":0},"end":{"line":1,"column":52}},"1":{"start":{"line":2,"column":0},"end":{"line":2,"column":35}},"2":{"start":{"line":3,"column":0},"end":{"line":3,"column":71}},"3":{"start":{"line":4,"column":0},"end":{"line":4,"column":53}},"4":{"start":{"line":7,"column":24},"end":{"line":95,"column":null}},"5":{"start":{"line":12,"column":28},"end":{"line":12,"column":56}},"6":{"start":{"line":14,"column":22},"end":{"line":14,"column":39}},"7":{"start":{"line":15,"column":22},"end":{"line":15,"column":48}},"8":{"start":{"line":16,"column":4},"end":{"line":21,"column":5}},"9":{"start":{"line":17,"column":6},"end":{"line":20,"column":8}},"10":{"start":{"line":23,"column":21},"end":{"line":23,"column":63}},"11":{"start":{"line":24,"column":20},"end":{"line":24,"column":51}},"12":{"start":{"line":25,"column":21},"end":{"line":25,"column":73}},"13":{"start":{"line":27,"column":21},"end":{"line":58,"column":5}},"14":{"start":{"line":48,"column":6},"end":{"line":57,"column":8}},"15":{"start":{"line":60,"column":4},"end":{"line":65,"column":7}},"16":{"start":{"line":67,"column":4},"end":{"line":72,"column":7}},"17":{"start":{"line":74,"column":4},"end":{"line":79,"column":7}},"18":{"start":{"line":81,"column":4},"end":{"line":89,"column":7}},"19":{"start":{"line":91,"column":4},"end":{"line":93,"column":6}},"20":{"start":{"line":7,"column":13},"end":{"line":7,"column":24}},"21":{"start":{"line":7,"column":13},"end":{"line":95,"column":null}}},"fnMap":{"0":{"name":"(anonymous_2)","decl":{"start":{"line":14,"column":2},"end":{"line":14,"column":22}},"loc":{"start":{"line":14,"column":54},"end":{"line":94,"column":3}}},"1":{"name":"(anonymous_3)","decl":{"start":{"line":27,"column":21},"end":{"line":27,"column":26}},"loc":{"start":{"line":47,"column":9},"end":{"line":58,"column":5}}}},"branchMap":{"0":{"loc":{"start":{"line":16,"column":4},"end":{"line":21,"column":5}},"type":"if","locations":[{"start":{"line":16,"column":4},"end":{"line":21,"column":5}},{"start":{},"end":{}}]},"1":{"loc":{"start":{"line":23,"column":21},"end":{"line":23,"column":63}},"type":"binary-expr","locations":[{"start":{"line":23,"column":21},"end":{"line":23,"column":53}},{"start":{"line":23,"column":57},"end":{"line":23,"column":63}}]},"2":{"loc":{"start":{"line":24,"column":20},"end":{"line":24,"column":51}},"type":"binary-expr","locations":[{"start":{"line":24,"column":20},"end":{"line":24,"column":44}},{"start":{"line":24,"column":48},"end":{"line":24,"column":51}}]},"3":{"loc":{"start":{"line":25,"column":30},"end":{"line":25,"column":68}},"type":"binary-expr","locations":[{"start":{"line":25,"column":30},"end":{"line":25,"column":60}},{"start":{"line":25,"column":64},"end":{"line":25,"column":68}}]},"4":{"loc":{"start":{"line":53,"column":8},"end":{"line":53,"column":30}},"type":"binary-expr","locations":[{"start":{"line":53,"column":8},"end":{"line":53,"column":18}},{"start":{"line":53,"column":22},"end":{"line":53,"column":30}}]},"5":{"loc":{"start":{"line":87,"column":13},"end":{"line":87,"column":60}},"type":"binary-expr","locations":[{"start":{"line":87,"column":13},"end":{"line":87,"column":34}},{"start":{"line":87,"column":38},"end":{"line":87,"column":60}}]},"6":{"loc":{"start":{"line":14,"column":39},"end":{"line":14,"column":null}},"type":"cond-expr","locations":[{"start":{"line":14,"column":54},"end":{"line":14,"column":null}},{"start":{"line":14,"column":54},"end":{"line":14,"column":null}}]},"7":{"loc":{"start":{"line":14,"column":39},"end":{"line":14,"column":54}},"type":"binary-expr","locations":[{"start":{"line":14,"column":39},"end":{"line":14,"column":null}},{"start":{"line":14,"column":39},"end":{"line":14,"column":54}}]}},"s":{"0":2,"1":2,"2":2,"3":2,"4":2,"5":5,"6":5,"7":5,"8":5,"9":1,"10":4,"11":4,"12":4,"13":4,"14":2,"15":4,"16":4,"17":4,"18":4,"19":4,"20":2,"21":2},"f":{"0":5,"1":2},"b":{"0":[1,4],"1":[4,0],"2":[4,0],"3":[4,4],"4":[2,1],"5":[4,4],"6":[2,0],"7":[2,2]}}
,"/Users/robertsasu/RustProjects/agentic-payments/mpp-facilitator-mvx/src/prisma.service.ts": {"path":"/Users/robertsasu/RustProjects/agentic-payments/mpp-facilitator-mvx/src/prisma.service.ts","statementMap":{"0":{"start":{"line":1,"column":0},"end":{"line":1,"column":58}},"1":{"start":{"line":2,"column":0},"end":{"line":2,"column":46}},"2":{"start":{"line":5,"column":7},"end":{"line":9,"column":null}},"3":{"start":{"line":7,"column":4},"end":{"line":7,"column":26}},"4":{"start":{"line":5,"column":13},"end":{"line":5,"column":26}},"5":{"start":{"line":5,"column":13},"end":{"line":9,"column":null}}},"fnMap":{"0":{"name":"(anonymous_1)","decl":{"start":{"line":6,"column":2},"end":{"line":6,"column":7}},"loc":{"start":{"line":6,"column":20},"end":{"line":8,"column":3}}}},"branchMap":{},"s":{"0":4,"1":4,"2":4,"3":0,"4":4,"5":4},"f":{"0":0},"b":{}}
,"/Users/robertsasu/RustProjects/agentic-payments/mpp-facilitator-mvx/src/relayer.service.ts": {"path":"/Users/robertsasu/RustProjects/agentic-payments/mpp-facilitator-mvx/src/relayer.service.ts","statementMap":{"0":{"start":{"line":1,"column":0},"end":{"line":1,"column":52}},"1":{"start":{"line":2,"column":0},"end":{"line":2,"column":null}},"2":{"start":{"line":7,"column":0},"end":{"line":7,"column":52}},"3":{"start":{"line":8,"column":0},"end":{"line":8,"column":73}},"4":{"start":{"line":9,"column":0},"end":{"line":9,"column":25}},"5":{"start":{"line":10,"column":0},"end":{"line":10,"column":29}},"6":{"start":{"line":12,"column":0},"end":{"line":12,"column":13}},"7":{"start":{"line":28,"column":27},"end":{"line":132,"column":null}},"8":{"start":{"line":29,"column":28},"end":{"line":29,"column":59}},"9":{"start":{"line":32,"column":32},"end":{"line":32,"column":57}},"10":{"start":{"line":36,"column":6},"end":{"line":36,"column":77}},"11":{"start":{"line":37,"column":4},"end":{"line":37,"column":58}},"12":{"start":{"line":39,"column":20},"end":{"line":41,"column":null}},"13":{"start":{"line":43,"column":4},"end":{"line":57,"column":5}},"14":{"start":{"line":44,"column":6},"end":{"line":52,"column":7}},"15":{"start":{"line":45,"column":27},"end":{"line":45,"column":59}},"16":{"start":{"line":46,"column":8},"end":{"line":46,"column":53}},"17":{"start":{"line":47,"column":8},"end":{"line":49,"column":10}},"18":{"start":{"line":51,"column":8},"end":{"line":51,"column":54}},"19":{"start":{"line":54,"column":6},"end":{"line":56,"column":8}},"20":{"start":{"line":61,"column":4},"end":{"line":61,"column":46}},"21":{"start":{"line":65,"column":4},"end":{"line":65,"column":49}},"22":{"start":{"line":66,"column":4},"end":{"line":68,"column":6}},"23":{"start":{"line":72,"column":4},"end":{"line":74,"column":5}},"24":{"start":{"line":73,"column":6},"end":{"line":73,"column":52}},"25":{"start":{"line":76,"column":4},"end":{"line":80,"column":5}},"26":{"start":{"line":77,"column":6},"end":{"line":79,"column":8}},"27":{"start":{"line":82,"column":4},"end":{"line":84,"column":5}},"28":{"start":{"line":83,"column":6},"end":{"line":83,"column":71}},"29":{"start":{"line":86,"column":35},"end":{"line":86,"column":68}},"30":{"start":{"line":87,"column":27},"end":{"line":87,"column":65}},"31":{"start":{"line":89,"column":4},"end":{"line":96,"column":5}},"32":{"start":{"line":90,"column":6},"end":{"line":92,"column":8}},"33":{"start":{"line":93,"column":6},"end":{"line":95,"column":8}},"34":{"start":{"line":98,"column":15},"end":{"line":113,"column":6}},"35":{"start":{"line":116,"column":24},"end":{"line":116,"column":75}},"36":{"start":{"line":117,"column":4},"end":{"line":117,"column":79}},"37":{"start":{"line":119,"column":4},"end":{"line":119,"column":62}},"38":{"start":{"line":122,"column":4},"end":{"line":130,"column":5}},"39":{"start":{"line":123,"column":21},"end":{"line":123,"column":60}},"40":{"start":{"line":124,"column":6},"end":{"line":124,"column":63}},"41":{"start":{"line":125,"column":6},"end":{"line":125,"column":20}},"42":{"start":{"line":127,"column":22},"end":{"line":127,"column":64}},"43":{"start":{"line":128,"column":6},"end":{"line":128,"column":56}},"44":{"start":{"line":129,"column":6},"end":{"line":129,"column":54}},"45":{"start":{"line":28,"column":13},"end":{"line":28,"column":27}},"46":{"start":{"line":28,"column":13},"end":{"line":132,"column":null}}},"fnMap":{"0":{"name":"(anonymous_11)","decl":{"start":{"line":34,"column":2},"end":{"line":34,"column":null}},"loc":{"start":{"line":34,"column":2},"end":{"line":58,"column":3}}},"1":{"name":"(anonymous_12)","decl":{"start":{"line":60,"column":2},"end":{"line":60,"column":19}},"loc":{"start":{"line":60,"column":19},"end":{"line":62,"column":3}}},"2":{"name":"(anonymous_13)","decl":{"start":{"line":64,"column":2},"end":{"line":64,"column":18}},"loc":{"start":{"line":64,"column":37},"end":{"line":69,"column":3}}},"3":{"name":"(anonymous_14)","decl":{"start":{"line":71,"column":2},"end":{"line":71,"column":7}},"loc":{"start":{"line":71,"column":49},"end":{"line":131,"column":3}}}},"branchMap":{"0":{"loc":{"start":{"line":36,"column":6},"end":{"line":36,"column":77}},"type":"binary-expr","locations":[{"start":{"line":36,"column":6},"end":{"line":36,"column":34}},{"start":{"line":36,"column":38},"end":{"line":36,"column":77}}]},"1":{"loc":{"start":{"line":43,"column":4},"end":{"line":57,"column":5}},"type":"if","locations":[{"start":{"line":43,"column":4},"end":{"line":57,"column":5}},{"start":{"line":53,"column":11},"end":{"line":57,"column":5}}]},"2":{"loc":{"start":{"line":72,"column":4},"end":{"line":74,"column":5}},"type":"if","locations":[{"start":{"line":72,"column":4},"end":{"line":74,"column":5}},{"start":{},"end":{}}]},"3":{"loc":{"start":{"line":76,"column":4},"end":{"line":80,"column":5}},"type":"if","locations":[{"start":{"line":76,"column":4},"end":{"line":80,"column":5}},{"start":{},"end":{}}]},"4":{"loc":{"start":{"line":82,"column":4},"end":{"line":84,"column":5}},"type":"if","locations":[{"start":{"line":82,"column":4},"end":{"line":84,"column":5}},{"start":{},"end":{}}]},"5":{"loc":{"start":{"line":89,"column":4},"end":{"line":96,"column":5}},"type":"if","locations":[{"start":{"line":89,"column":4},"end":{"line":96,"column":5}},{"start":{},"end":{}}]},"6":{"loc":{"start":{"line":106,"column":12},"end":{"line":108,"column":27}},"type":"cond-expr","locations":[{"start":{"line":107,"column":10},"end":{"line":107,"column":60}},{"start":{"line":108,"column":10},"end":{"line":108,"column":27}}]},"7":{"loc":{"start":{"line":127,"column":22},"end":{"line":127,"column":64}},"type":"cond-expr","locations":[{"start":{"line":127,"column":43},"end":{"line":127,"column":52}},{"start":{"line":127,"column":55},"end":{"line":127,"column":64}}]}},"s":{"0":2,"1":2,"2":2,"3":2,"4":2,"5":2,"6":2,"7":2,"8":16,"9":16,"10":16,"11":16,"12":16,"13":16,"14":14,"15":14,"16":13,"17":13,"18":1,"19":2,"20":3,"21":1,"22":1,"23":8,"24":1,"25":7,"26":1,"27":6,"28":1,"29":5,"30":5,"31":5,"32":1,"33":1,"34":4,"35":4,"36":4,"37":4,"38":4,"39":4,"40":2,"41":2,"42":2,"43":2,"44":2,"45":2,"46":2},"f":{"0":16,"1":3,"2":1,"3":8},"b":{"0":[16,16],"1":[14,2],"2":[1,7],"3":[1,6],"4":[1,5],"5":[1,4],"6":[3,1],"7":[1,1]}}
,"/Users/robertsasu/RustProjects/agentic-payments/mpp-facilitator-mvx/src/storage.service.ts": {"path":"/Users/robertsasu/RustProjects/agentic-payments/mpp-facilitator-mvx/src/storage.service.ts","statementMap":{"0":{"start":{"line":1,"column":0},"end":{"line":1,"column":44}},"1":{"start":{"line":2,"column":0},"end":{"line":2,"column":49}},"2":{"start":{"line":7,"column":7},"end":{"line":50,"column":null}},"3":{"start":{"line":8,"column":31},"end":{"line":8,"column":39}},"4":{"start":{"line":11,"column":4},"end":{"line":11,"column":70}},"5":{"start":{"line":15,"column":4},"end":{"line":19,"column":7}},"6":{"start":{"line":27,"column":4},"end":{"line":33,"column":7}},"7":{"start":{"line":37,"column":16},"end":{"line":37,"column":26}},"8":{"start":{"line":38,"column":19},"end":{"line":43,"column":6}},"9":{"start":{"line":44,"column":4},"end":{"line":44,"column":24}},"10":{"start":{"line":48,"column":4},"end":{"line":48,"column":48}},"11":{"start":{"line":7,"column":13},"end":{"line":7,"column":27}},"12":{"start":{"line":7,"column":13},"end":{"line":50,"column":null}}},"fnMap":{"0":{"name":"(anonymous_2)","decl":{"start":{"line":8,"column":2},"end":{"line":8,"column":31}},"loc":{"start":{"line":8,"column":52},"end":{"line":8,"column":56}}},"1":{"name":"(anonymous_3)","decl":{"start":{"line":10,"column":2},"end":{"line":10,"column":7}},"loc":{"start":{"line":10,"column":22},"end":{"line":12,"column":3}}},"2":{"name":"(anonymous_4)","decl":{"start":{"line":14,"column":2},"end":{"line":14,"column":7}},"loc":{"start":{"line":14,"column":37},"end":{"line":20,"column":3}}},"3":{"name":"(anonymous_5)","decl":{"start":{"line":22,"column":2},"end":{"line":22,"column":7}},"loc":{"start":{"line":25,"column":19},"end":{"line":34,"column":3}}},"4":{"name":"(anonymous_6)","decl":{"start":{"line":36,"column":2},"end":{"line":36,"column":7}},"loc":{"start":{"line":36,"column":20},"end":{"line":45,"column":3}}},"5":{"name":"(anonymous_7)","decl":{"start":{"line":47,"column":2},"end":{"line":47,"column":7}},"loc":{"start":{"line":47,"column":13},"end":{"line":49,"column":3}}}},"branchMap":{"0":{"loc":{"start":{"line":31,"column":12},"end":{"line":31,"column":36}},"type":"cond-expr","locations":[{"start":{"line":31,"column":21},"end":{"line":31,"column":31}},{"start":{"line":31,"column":34},"end":{"line":31,"column":36}}]},"1":{"loc":{"start":{"line":8,"column":39},"end":{"line":8,"column":55}},"type":"cond-expr","locations":[{"start":{"line":8,"column":52},"end":{"line":8,"column":55}},{"start":{"line":8,"column":52},"end":{"line":8,"column":55}}]},"2":{"loc":{"start":{"line":8,"column":39},"end":{"line":8,"column":52}},"type":"binary-expr","locations":[{"start":{"line":8,"column":39},"end":{"line":8,"column":55}},{"start":{"line":8,"column":39},"end":{"line":8,"column":52}}]}},"s":{"0":4,"1":4,"2":4,"3":24,"4":26,"5":24,"6":8,"7":1,"8":1,"9":1,"10":2,"11":4,"12":4},"f":{"0":24,"1":26,"2":24,"3":8,"4":1,"5":2},"b":{"0":[6,2],"1":[4,0],"2":[4,4]}}
,"/Users/robertsasu/RustProjects/agentic-payments/mpp-facilitator-mvx/src/verifier.service.ts": {"path":"/Users/robertsasu/RustProjects/agentic-payments/mpp-facilitator-mvx/src/verifier.service.ts","statementMap":{"0":{"start":{"line":1,"column":0},"end":{"line":1,"column":52}},"1":{"start":{"line":2,"column":0},"end":{"line":2,"column":71}},"2":{"start":{"line":3,"column":0},"end":{"line":3,"column":51}},"3":{"start":{"line":4,"column":0},"end":{"line":4,"column":47}},"4":{"start":{"line":30,"column":16},"end":{"line":30,"column":31}},"5":{"start":{"line":31,"column":2},"end":{"line":31,"column":36}},"6":{"start":{"line":31,"column":24},"end":{"line":31,"column":36}},"7":{"start":{"line":33,"column":23},"end":{"line":33,"column":31}},"8":{"start":{"line":34,"column":2},"end":{"line":34,"column":51}},"9":{"start":{"line":34,"column":39},"end":{"line":34,"column":51}},"10":{"start":{"line":36,"column":2},"end":{"line":52,"column":3}},"11":{"start":{"line":37,"column":18},"end":{"line":37,"column":64}},"12":{"start":{"line":38,"column":19},"end":{"line":38,"column":53}},"13":{"start":{"line":42,"column":4},"end":{"line":47,"column":5}},"14":{"start":{"line":43,"column":24},"end":{"line":43,"column":70}},"15":{"start":{"line":44,"column":6},"end":{"line":46,"column":7}},"16":{"start":{"line":45,"column":8},"end":{"line":45,"column":27}},"17":{"start":{"line":49,"column":4},"end":{"line":49,"column":37}},"18":{"start":{"line":51,"column":4},"end":{"line":51,"column":16}},"19":{"start":{"line":65,"column":16},"end":{"line":65,"column":31}},"20":{"start":{"line":66,"column":2},"end":{"line":66,"column":36}},"21":{"start":{"line":66,"column":24},"end":{"line":66,"column":36}},"22":{"start":{"line":68,"column":23},"end":{"line":68,"column":31}},"23":{"start":{"line":69,"column":33},"end":{"line":69,"column":72}},"24":{"start":{"line":70,"column":30},"end":{"line":70,"column":66}},"25":{"start":{"line":72,"column":2},"end":{"line":74,"column":3}},"26":{"start":{"line":73,"column":4},"end":{"line":73,"column":16}},"27":{"start":{"line":76,"column":2},"end":{"line":124,"column":3}},"28":{"start":{"line":77,"column":24},"end":{"line":77,"column":32}},"29":{"start":{"line":78,"column":28},"end":{"line":78,"column":36}},"30":{"start":{"line":79,"column":25},"end":{"line":79,"column":54}},"31":{"start":{"line":80,"column":4},"end":{"line":80,"column":63}},"32":{"start":{"line":80,"column":51},"end":{"line":80,"column":63}},"33":{"start":{"line":83,"column":6},"end":{"line":84,"column":16}},"34":{"start":{"line":85,"column":59},"end":{"line":85,"column":61}},"35":{"start":{"line":88,"column":17},"end":{"line":88,"column":47}},"36":{"start":{"line":90,"column":4},"end":{"line":104,"column":5}},"37":{"start":{"line":90,"column":17},"end":{"line":90,"column":18}},"38":{"start":{"line":91,"column":19},"end":{"line":91,"column":31}},"39":{"start":{"line":92,"column":6},"end":{"line":92,"column":51}},"40":{"start":{"line":92,"column":45},"end":{"line":92,"column":51}},"41":{"start":{"line":94,"column":23},"end":{"line":94,"column":34}},"42":{"start":{"line":97,"column":24},"end":{"line":99,"column":25}},"43":{"start":{"line":101,"column":20},"end":{"line":101,"column":66}},"44":{"start":{"line":102,"column":21},"end":{"line":102,"column":56}},"45":{"start":{"line":103,"column":6},"end":{"line":103,"column":40}},"46":{"start":{"line":108,"column":26},"end":{"line":108,"column":49}},"47":{"start":{"line":109,"column":4},"end":{"line":119,"column":5}},"48":{"start":{"line":109,"column":17},"end":{"line":109,"column":30}},"49":{"start":{"line":110,"column":6},"end":{"line":118,"column":7}},"50":{"start":{"line":111,"column":26},"end":{"line":111,"column":72}},"51":{"start":{"line":112,"column":8},"end":{"line":115,"column":9}},"52":{"start":{"line":113,"column":10},"end":{"line":113,"column":29}},"53":{"start":{"line":114,"column":10},"end":{"line":114,"column":16}},"54":{"start":{"line":121,"column":4},"end":{"line":121,"column":43}},"55":{"start":{"line":123,"column":4},"end":{"line":123,"column":16}},"56":{"start":{"line":128,"column":28},"end":{"line":359,"column":null}},"57":{"start":{"line":130,"column":28},"end":{"line":130,"column":60}},"58":{"start":{"line":132,"column":31},"end":{"line":132,"column":47}},"59":{"start":{"line":134,"column":6},"end":{"line":134,"column":68}},"60":{"start":{"line":135,"column":4},"end":{"line":135,"column":51}},"61":{"start":{"line":152,"column":22},"end":{"line":152,"column":65}},"62":{"start":{"line":153,"column":4},"end":{"line":155,"column":6}},"63":{"start":{"line":157,"column":4},"end":{"line":357,"column":5}},"64":{"start":{"line":159,"column":23},"end":{"line":159,"column":65}},"65":{"start":{"line":160,"column":6},"end":{"line":169,"column":7}},"66":{"start":{"line":161,"column":8},"end":{"line":164,"column":9}},"67":{"start":{"line":162,"column":10},"end":{"line":162,"column":80}},"68":{"start":{"line":163,"column":10},"end":{"line":163,"column":35}},"69":{"start":{"line":165,"column":8},"end":{"line":168,"column":10}},"70":{"start":{"line":171,"column":6},"end":{"line":176,"column":7}},"71":{"start":{"line":172,"column":8},"end":{"line":175,"column":10}},"72":{"start":{"line":180,"column":6},"end":{"line":190,"column":7}},"73":{"start":{"line":182,"column":34},"end":{"line":182,"column":77}},"74":{"start":{"line":184,"column":8},"end":{"line":189,"column":9}},"75":{"start":{"line":185,"column":10},"end":{"line":188,"column":12}},"76":{"start":{"line":193,"column":6},"end":{"line":198,"column":7}},"77":{"start":{"line":194,"column":8},"end":{"line":197,"column":10}},"78":{"start":{"line":201,"column":6},"end":{"line":206,"column":7}},"79":{"start":{"line":202,"column":8},"end":{"line":205,"column":10}},"80":{"start":{"line":209,"column":6},"end":{"line":212,"column":7}},"81":{"start":{"line":210,"column":8},"end":{"line":210,"column":70}},"82":{"start":{"line":211,"column":8},"end":{"line":211,"column":66}},"83":{"start":{"line":216,"column":6},"end":{"line":224,"column":7}},"84":{"start":{"line":217,"column":23},"end":{"line":217,"column":65}},"85":{"start":{"line":218,"column":8},"end":{"line":218,"column":47}},"86":{"start":{"line":220,"column":8},"end":{"line":223,"column":10}},"87":{"start":{"line":227,"column":6},"end":{"line":232,"column":7}},"88":{"start":{"line":228,"column":25},"end":{"line":230,"column":46}},"89":{"start":{"line":231,"column":8},"end":{"line":231,"column":51}},"90":{"start":{"line":235,"column":6},"end":{"line":240,"column":7}},"91":{"start":{"line":236,"column":8},"end":{"line":239,"column":10}},"92":{"start":{"line":243,"column":22},"end":{"line":243,"column":55}},"93":{"start":{"line":244,"column":21},"end":{"line":244,"column":48}},"94":{"start":{"line":246,"column":6},"end":{"line":319,"column":7}},"95":{"start":{"line":248,"column":25},"end":{"line":248,"column":51}},"96":{"start":{"line":249,"column":30},"end":{"line":251,"column":16}},"97":{"start":{"line":253,"column":8},"end":{"line":302,"column":9}},"98":{"start":{"line":255,"column":10},"end":{"line":260,"column":11}},"99":{"start":{"line":256,"column":12},"end":{"line":259,"column":14}},"100":{"start":{"line":261,"column":10},"end":{"line":266,"column":11}},"101":{"start":{"line":262,"column":12},"end":{"line":265,"column":14}},"102":{"start":{"line":267,"column":10},"end":{"line":275,"column":11}},"103":{"start":{"line":271,"column":12},"end":{"line":274,"column":14}},"104":{"start":{"line":276,"column":15},"end":{"line":302,"column":9}},"105":{"start":{"line":278,"column":27},"end":{"line":279,"column":null}},"106":{"start":{"line":279,"column":19},"end":{"line":279,"column":78}},"107":{"start":{"line":281,"column":10},"end":{"line":286,"column":11}},"108":{"start":{"line":282,"column":12},"end":{"line":285,"column":14}},"109":{"start":{"line":287,"column":10},"end":{"line":295,"column":11}},"110":{"start":{"line":291,"column":12},"end":{"line":294,"column":14}},"111":{"start":{"line":297,"column":10},"end":{"line":301,"column":12}},"112":{"start":{"line":305,"column":24},"end":{"line":305,"column":51}},"113":{"start":{"line":306,"column":8},"end":{"line":311,"column":9}},"114":{"start":{"line":307,"column":10},"end":{"line":310,"column":12}},"115":{"start":{"line":313,"column":8},"end":{"line":318,"column":9}},"116":{"start":{"line":314,"column":10},"end":{"line":317,"column":12}},"117":{"start":{"line":322,"column":35},"end":{"line":327,"column":8}},"118":{"start":{"line":329,"column":24},"end":{"line":329,"column":29}},"119":{"start":{"line":330,"column":6},"end":{"line":335,"column":7}},"120":{"start":{"line":331,"column":8},"end":{"line":334,"column":9}},"121":{"start":{"line":332,"column":10},"end":{"line":332,"column":29}},"122":{"start":{"line":333,"column":10},"end":{"line":333,"column":16}},"123":{"start":{"line":337,"column":6},"end":{"line":342,"column":7}},"124":{"start":{"line":338,"column":8},"end":{"line":341,"column":10}},"125":{"start":{"line":345,"column":6},"end":{"line":345,"column":79}},"126":{"start":{"line":346,"column":6},"end":{"line":348,"column":8}},"127":{"start":{"line":350,"column":6},"end":{"line":350,"column":31}},"128":{"start":{"line":352,"column":6},"end":{"line":352,"column":65}},"129":{"start":{"line":353,"column":6},"end":{"line":356,"column":8}},"130":{"start":{"line":128,"column":13},"end":{"line":128,"column":28}},"131":{"start":{"line":128,"column":13},"end":{"line":359,"column":null}}},"fnMap":{"0":{"name":"parseEsdtTransfer","decl":{"start":{"line":27,"column":9},"end":{"line":27,"column":26}},"loc":{"start":{"line":28,"column":14},"end":{"line":53,"column":1}}},"1":{"name":"parseMultiEsdtTransfer","decl":{"start":{"line":60,"column":9},"end":{"line":60,"column":31}},"loc":{"start":{"line":60,"column":44},"end":{"line":125,"column":1}}},"2":{"name":"(anonymous_4)","decl":{"start":{"line":132,"column":2},"end":{"line":132,"column":31}},"loc":{"start":{"line":132,"column":61},"end":{"line":136,"column":3}}},"3":{"name":"(anonymous_5)","decl":{"start":{"line":142,"column":2},"end":{"line":142,"column":7}},"loc":{"start":{"line":150,"column":19},"end":{"line":358,"column":3}}},"4":{"name":"(anonymous_6)","decl":{"start":{"line":279,"column":12},"end":{"line":279,"column":13}},"loc":{"start":{"line":279,"column":19},"end":{"line":279,"column":78}}}},"branchMap":{"0":{"loc":{"start":{"line":31,"column":2},"end":{"line":31,"column":36}},"type":"if","locations":[{"start":{"line":31,"column":2},"end":{"line":31,"column":36}},{"start":{},"end":{}}]},"1":{"loc":{"start":{"line":34,"column":2},"end":{"line":34,"column":51}},"type":"if","locations":[{"start":{"line":34,"column":2},"end":{"line":34,"column":51}},{"start":{},"end":{}}]},"2":{"loc":{"start":{"line":42,"column":4},"end":{"line":47,"column":5}},"type":"if","locations":[{"start":{"line":42,"column":4},"end":{"line":47,"column":5}},{"start":{},"end":{}}]},"3":{"loc":{"start":{"line":44,"column":6},"end":{"line":46,"column":7}},"type":"if","locations":[{"start":{"line":44,"column":6},"end":{"line":46,"column":7}},{"start":{},"end":{}}]},"4":{"loc":{"start":{"line":66,"column":2},"end":{"line":66,"column":36}},"type":"if","locations":[{"start":{"line":66,"column":2},"end":{"line":66,"column":36}},{"start":{},"end":{}}]},"5":{"loc":{"start":{"line":72,"column":2},"end":{"line":74,"column":3}},"type":"if","locations":[{"start":{"line":72,"column":2},"end":{"line":74,"column":3}},{"start":{},"end":{}}]},"6":{"loc":{"start":{"line":72,"column":6},"end":{"line":72,"column":53}},"type":"binary-expr","locations":[{"start":{"line":72,"column":6},"end":{"line":72,"column":29}},{"start":{"line":72,"column":33},"end":{"line":72,"column":53}}]},"7":{"loc":{"start":{"line":80,"column":4},"end":{"line":80,"column":63}},"type":"if","locations":[{"start":{"line":80,"column":4},"end":{"line":80,"column":63}},{"start":{},"end":{}}]},"8":{"loc":{"start":{"line":80,"column":8},"end":{"line":80,"column":49}},"type":"binary-expr","locations":[{"start":{"line":80,"column":8},"end":{"line":80,"column":27}},{"start":{"line":80,"column":31},"end":{"line":80,"column":49}}]},"9":{"loc":{"start":{"line":88,"column":17},"end":{"line":88,"column":47}},"type":"cond-expr","locations":[{"start":{"line":88,"column":42},"end":{"line":88,"column":43}},{"start":{"line":88,"column":46},"end":{"line":88,"column":47}}]},"10":{"loc":{"start":{"line":92,"column":6},"end":{"line":92,"column":51}},"type":"if","locations":[{"start":{"line":92,"column":6},"end":{"line":92,"column":51}},{"start":{},"end":{}}]},"11":{"loc":{"start":{"line":97,"column":24},"end":{"line":99,"column":25}},"type":"cond-expr","locations":[{"start":{"line":98,"column":10},"end":{"line":98,"column":25}},{"start":{"line":99,"column":10},"end":{"line":99,"column":25}}]},"12":{"loc":{"start":{"line":112,"column":8},"end":{"line":115,"column":9}},"type":"if","locations":[{"start":{"line":112,"column":8},"end":{"line":115,"column":9}},{"start":{},"end":{}}]},"13":{"loc":{"start":{"line":134,"column":6},"end":{"line":134,"column":68}},"type":"binary-expr","locations":[{"start":{"line":134,"column":6},"end":{"line":134,"column":29}},{"start":{"line":134,"column":33},"end":{"line":134,"column":68}}]},"14":{"loc":{"start":{"line":152,"column":22},"end":{"line":152,"column":65}},"type":"cond-expr","locations":[{"start":{"line":152,"column":31},"end":{"line":152,"column":53}},{"start":{"line":152,"column":56},"end":{"line":152,"column":65}}]},"15":{"loc":{"start":{"line":160,"column":6},"end":{"line":169,"column":7}},"type":"if","locations":[{"start":{"line":160,"column":6},"end":{"line":169,"column":7}},{"start":{},"end":{}}]},"16":{"loc":{"start":{"line":160,"column":10},"end":{"line":160,"column":53}},"type":"binary-expr","locations":[{"start":{"line":160,"column":10},"end":{"line":160,"column":18}},{"start":{"line":160,"column":22},"end":{"line":160,"column":53}}]},"17":{"loc":{"start":{"line":161,"column":8},"end":{"line":164,"column":9}},"type":"if","locations":[{"start":{"line":161,"column":8},"end":{"line":164,"column":9}},{"start":{},"end":{}}]},"18":{"loc":{"start":{"line":171,"column":6},"end":{"line":176,"column":7}},"type":"if","locations":[{"start":{"line":171,"column":6},"end":{"line":176,"column":7}},{"start":{},"end":{}}]},"19":{"loc":{"start":{"line":171,"column":10},"end":{"line":171,"column":51}},"type":"binary-expr","locations":[{"start":{"line":171,"column":10},"end":{"line":171,"column":19}},{"start":{"line":171,"column":23},"end":{"line":171,"column":51}}]},"20":{"loc":{"start":{"line":180,"column":6},"end":{"line":190,"column":7}},"type":"if","locations":[{"start":{"line":180,"column":6},"end":{"line":190,"column":7}},{"start":{},"end":{}}]},"21":{"loc":{"start":{"line":182,"column":34},"end":{"line":182,"column":77}},"type":"cond-expr","locations":[{"start":{"line":182,"column":43},"end":{"line":182,"column":65}},{"start":{"line":182,"column":68},"end":{"line":182,"column":77}}]},"22":{"loc":{"start":{"line":184,"column":8},"end":{"line":189,"column":9}},"type":"if","locations":[{"start":{"line":184,"column":8},"end":{"line":189,"column":9}},{"start":{},"end":{}}]},"23":{"loc":{"start":{"line":193,"column":6},"end":{"line":198,"column":7}},"type":"if","locations":[{"start":{"line":193,"column":6},"end":{"line":198,"column":7}},{"start":{},"end":{}}]},"24":{"loc":{"start":{"line":193,"column":10},"end":{"line":193,"column":55}},"type":"binary-expr","locations":[{"start":{"line":193,"column":10},"end":{"line":193,"column":25}},{"start":{"line":193,"column":29},"end":{"line":193,"column":55}}]},"25":{"loc":{"start":{"line":201,"column":6},"end":{"line":206,"column":7}},"type":"if","locations":[{"start":{"line":201,"column":6},"end":{"line":206,"column":7}},{"start":{},"end":{}}]},"26":{"loc":{"start":{"line":201,"column":10},"end":{"line":201,"column":55}},"type":"binary-expr","locations":[{"start":{"line":201,"column":10},"end":{"line":201,"column":25}},{"start":{"line":201,"column":29},"end":{"line":201,"column":55}}]},"27":{"loc":{"start":{"line":209,"column":6},"end":{"line":212,"column":7}},"type":"if","locations":[{"start":{"line":209,"column":6},"end":{"line":212,"column":7}},{"start":{},"end":{}}]},"28":{"loc":{"start":{"line":209,"column":10},"end":{"line":209,"column":73}},"type":"binary-expr","locations":[{"start":{"line":209,"column":10},"end":{"line":209,"column":28}},{"start":{"line":209,"column":32},"end":{"line":209,"column":73}}]},"29":{"loc":{"start":{"line":227,"column":6},"end":{"line":232,"column":7}},"type":"if","locations":[{"start":{"line":227,"column":6},"end":{"line":232,"column":7}},{"start":{},"end":{}}]},"30":{"loc":{"start":{"line":228,"column":25},"end":{"line":230,"column":46}},"type":"cond-expr","locations":[{"start":{"line":229,"column":12},"end":{"line":229,"column":42}},{"start":{"line":230,"column":12},"end":{"line":230,"column":46}}]},"31":{"loc":{"start":{"line":235,"column":6},"end":{"line":240,"column":7}},"type":"if","locations":[{"start":{"line":235,"column":6},"end":{"line":240,"column":7}},{"start":{},"end":{}}]},"32":{"loc":{"start":{"line":243,"column":22},"end":{"line":243,"column":55}},"type":"cond-expr","locations":[{"start":{"line":243,"column":32},"end":{"line":243,"column":50}},{"start":{"line":243,"column":53},"end":{"line":243,"column":55}}]},"33":{"loc":{"start":{"line":246,"column":6},"end":{"line":319,"column":7}},"type":"if","locations":[{"start":{"line":246,"column":6},"end":{"line":319,"column":7}},{"start":{"line":303,"column":13},"end":{"line":319,"column":7}}]},"34":{"loc":{"start":{"line":249,"column":30},"end":{"line":251,"column":16}},"type":"cond-expr","locations":[{"start":{"line":250,"column":12},"end":{"line":250,"column":43}},{"start":{"line":251,"column":12},"end":{"line":251,"column":16}}]},"35":{"loc":{"start":{"line":253,"column":8},"end":{"line":302,"column":9}},"type":"if","locations":[{"start":{"line":253,"column":8},"end":{"line":302,"column":9}},{"start":{"line":276,"column":15},"end":{"line":302,"column":9}}]},"36":{"loc":{"start":{"line":255,"column":10},"end":{"line":260,"column":11}},"type":"if","locations":[{"start":{"line":255,"column":10},"end":{"line":260,"column":11}},{"start":{},"end":{}}]},"37":{"loc":{"start":{"line":261,"column":10},"end":{"line":266,"column":11}},"type":"if","locations":[{"start":{"line":261,"column":10},"end":{"line":266,"column":11}},{"start":{},"end":{}}]},"38":{"loc":{"start":{"line":267,"column":10},"end":{"line":275,"column":11}},"type":"if","locations":[{"start":{"line":267,"column":10},"end":{"line":275,"column":11}},{"start":{},"end":{}}]},"39":{"loc":{"start":{"line":268,"column":12},"end":{"line":269,"column":56}},"type":"binary-expr","locations":[{"start":{"line":268,"column":12},"end":{"line":268,"column":29}},{"start":{"line":269,"column":12},"end":{"line":269,"column":56}}]},"40":{"loc":{"start":{"line":276,"column":15},"end":{"line":302,"column":9}},"type":"if","locations":[{"start":{"line":276,"column":15},"end":{"line":302,"column":9}},{"start":{"line":296,"column":15},"end":{"line":302,"column":9}}]},"41":{"loc":{"start":{"line":279,"column":19},"end":{"line":279,"column":78}},"type":"binary-expr","locations":[{"start":{"line":279,"column":19},"end":{"line":279,"column":47}},{"start":{"line":279,"column":51},"end":{"line":279,"column":78}}]},"42":{"loc":{"start":{"line":281,"column":10},"end":{"line":286,"column":11}},"type":"if","locations":[{"start":{"line":281,"column":10},"end":{"line":286,"column":11}},{"start":{},"end":{}}]},"43":{"loc":{"start":{"line":287,"column":10},"end":{"line":295,"column":11}},"type":"if","locations":[{"start":{"line":287,"column":10},"end":{"line":295,"column":11}},{"start":{},"end":{}}]},"44":{"loc":{"start":{"line":288,"column":12},"end":{"line":289,"column":56}},"type":"binary-expr","locations":[{"start":{"line":288,"column":12},"end":{"line":288,"column":29}},{"start":{"line":289,"column":12},"end":{"line":289,"column":56}}]},"45":{"loc":{"start":{"line":305,"column":24},"end":{"line":305,"column":51}},"type":"binary-expr","locations":[{"start":{"line":305,"column":24},"end":{"line":305,"column":44}},{"start":{"line":305,"column":48},"end":{"line":305,"column":51}}]},"46":{"loc":{"start":{"line":306,"column":8},"end":{"line":311,"column":9}},"type":"if","locations":[{"start":{"line":306,"column":8},"end":{"line":311,"column":9}},{"start":{},"end":{}}]},"47":{"loc":{"start":{"line":313,"column":8},"end":{"line":318,"column":9}},"type":"if","locations":[{"start":{"line":313,"column":8},"end":{"line":318,"column":9}},{"start":{},"end":{}}]},"48":{"loc":{"start":{"line":313,"column":12},"end":{"line":313,"column":77}},"type":"binary-expr","locations":[{"start":{"line":313,"column":12},"end":{"line":313,"column":29}},{"start":{"line":313,"column":33},"end":{"line":313,"column":77}}]},"49":{"loc":{"start":{"line":331,"column":8},"end":{"line":334,"column":9}},"type":"if","locations":[{"start":{"line":331,"column":8},"end":{"line":334,"column":9}},{"start":{},"end":{}}]},"50":{"loc":{"start":{"line":337,"column":6},"end":{"line":342,"column":7}},"type":"if","locations":[{"start":{"line":337,"column":6},"end":{"line":342,"column":7}},{"start":{},"end":{}}]},"51":{"loc":{"start":{"line":355,"column":15},"end":{"line":355,"column":69}},"type":"cond-expr","locations":[{"start":{"line":355,"column":40},"end":{"line":355,"column":53}},{"start":{"line":355,"column":56},"end":{"line":355,"column":69}}]},"52":{"loc":{"start":{"line":132,"column":47},"end":{"line":132,"column":null}},"type":"cond-expr","locations":[{"start":{"line":132,"column":61},"end":{"line":132,"column":null}},{"start":{"line":132,"column":61},"end":{"line":132,"column":null}}]},"53":{"loc":{"start":{"line":132,"column":47},"end":{"line":132,"column":61}},"type":"binary-expr","locations":[{"start":{"line":132,"column":47},"end":{"line":132,"column":null}},{"start":{"line":132,"column":47},"end":{"line":132,"column":61}}]}},"s":{"0":3,"1":3,"2":3,"3":3,"4":4,"5":4,"6":1,"7":3,"8":3,"9":2,"10":1,"11":1,"12":1,"13":1,"14":1,"15":1,"16":1,"17":1,"18":0,"19":3,"20":3,"21":1,"22":2,"23":2,"24":2,"25":2,"26":0,"27":2,"28":2,"29":2,"30":2,"31":2,"32":0,"33":2,"34":2,"35":2,"36":2,"37":2,"38":3,"39":3,"40":0,"41":3,"42":3,"43":3,"44":3,"45":3,"46":2,"47":2,"48":2,"49":2,"50":2,"51":2,"52":2,"53":2,"54":2,"55":0,"56":3,"57":18,"58":18,"59":18,"60":18,"61":18,"62":18,"63":18,"64":18,"65":18,"66":2,"67":1,"68":1,"69":1,"70":16,"71":1,"72":15,"73":2,"74":2,"75":1,"76":14,"77":1,"78":13,"79":0,"80":13,"81":1,"82":1,"83":12,"84":12,"85":11,"86":1,"87":11,"88":1,"89":1,"90":10,"91":1,"92":9,"93":9,"94":9,"95":4,"96":4,"97":4,"98":1,"99":0,"100":1,"101":0,"102":1,"103":0,"104":3,"105":2,"106":3,"107":2,"108":0,"109":2,"110":0,"111":1,"112":5,"113":5,"114":1,"115":4,"116":1,"117":6,"118":6,"119":6,"120":15,"121":5,"122":5,"123":6,"124":1,"125":5,"126":5,"127":5,"128":0,"129":0,"130":3,"131":3},"f":{"0":4,"1":3,"2":18,"3":18,"4":3},"b":{"0":[1,3],"1":[2,1],"2":[1,0],"3":[1,0],"4":[1,2],"5":[0,2],"6":[2,1],"7":[0,2],"8":[2,2],"9":[1,1],"10":[0,3],"11":[2,1],"12":[2,0],"13":[18,18],"14":[2,16],"15":[2,16],"16":[18,17],"17":[1,1],"18":[1,15],"19":[16,15],"20":[2,13],"21":[2,0],"22":[1,1],"23":[1,13],"24":[14,1],"25":[0,13],"26":[13,0],"27":[1,12],"28":[13,13],"29":[1,10],"30":[0,1],"31":[1,9],"32":[9,0],"33":[4,5],"34":[3,1],"35":[1,3],"36":[0,1],"37":[0,1],"38":[0,1],"39":[1,1],"40":[2,1],"41":[3,2],"42":[0,2],"43":[0,2],"44":[2,2],"45":[5,0],"46":[1,4],"47":[1,3],"48":[4,4],"49":[5,10],"50":[1,5],"51":[0,0],"52":[3,0],"53":[3,3]}}
}
