TN:
SF:src/app.controller.ts
FN:25,(anonymous_4)
FN:30,(anonymous_5)
FN:33,(anonymous_6)
FN:48,(anonymous_7)
FN:55,(anonymous_8)
FN:84,(anonymous_9)
FN:118,(anonymous_10)
FN:128,(anonymous_11)
FN:156,(anonymous_12)
FN:185,(anonymous_13)
FN:195,(anonymous_14)
FN:223,(anonymous_15)
FN:252,(anonymous_16)
FN:262,(anonymous_17)
FN:285,(anonymous_18)
FN:294,(anonymous_19)
FNF:16
FNH:10
FNDA:11,(anonymous_4)
FNDA:2,(anonymous_5)
FNDA:0,(anonymous_6)
FNDA:11,(anonymous_7)
FNDA:2,(anonymous_8)
FNDA:0,(anonymous_9)
FNDA:1,(anonymous_10)
FNDA:2,(anonymous_11)
FNDA:0,(anonymous_12)
FNDA:0,(anonymous_13)
FNDA:2,(anonymous_14)
FNDA:0,(anonymous_15)
FNDA:0,(anonymous_16)
FNDA:2,(anonymous_17)
FNDA:2,(anonymous_18)
FNDA:1,(anonymous_19)
DA:4,1
DA:18,1
DA:19,1
DA:20,1
DA:24,11
DA:26,11
DA:27,11
DA:31,2
DA:32,2
DA:33,2
DA:34,2
DA:35,2
DA:36,2
DA:37,2
DA:42,1
DA:43,11
DA:49,11
DA:50,11
DA:51,11
DA:55,1
DA:59,2
DA:60,2
DA:66,2
DA:70,2
DA:71,2
DA:72,2
DA:74,2
DA:78,2
DA:80,2
DA:81,1
DA:84,1
DA:85,0
DA:89,1
DA:90,1
DA:92,1
DA:96,1
DA:97,1
DA:100,1
DA:109,1
DA:110,1
DA:113,1
DA:114,1
DA:117,1
DA:118,1
DA:120,1
DA:121,1
DA:124,0
DA:128,1
DA:132,2
DA:133,2
DA:139,2
DA:143,2
DA:144,2
DA:145,2
DA:147,2
DA:151,2
DA:153,2
DA:154,1
DA:156,1
DA:157,0
DA:160,1
DA:161,1
DA:163,1
DA:164,1
DA:165,1
DA:167,1
DA:176,1
DA:177,1
DA:180,1
DA:181,1
DA:184,1
DA:185,0
DA:187,1
DA:188,1
DA:191,0
DA:195,1
DA:199,2
DA:200,2
DA:206,2
DA:210,2
DA:211,2
DA:212,2
DA:214,2
DA:218,2
DA:220,2
DA:221,1
DA:223,1
DA:224,0
DA:227,1
DA:228,1
DA:230,1
DA:231,1
DA:232,1
DA:234,1
DA:243,1
DA:244,1
DA:247,1
DA:248,1
DA:251,1
DA:252,0
DA:254,1
DA:255,1
DA:258,0
DA:262,1
DA:267,2
DA:268,2
DA:269,0
DA:275,2
DA:276,2
DA:277,1
DA:279,1
DA:280,1
DA:285,1
DA:286,2
DA:287,2
DA:288,1
DA:290,1
DA:294,1
DA:308,1
DA:323,1
LF:120
LH:111
BRDA:32,0,0,2
BRDA:32,0,1,2
BRDA:34,1,0,0
BRDA:34,1,1,2
BRDA:45,2,0,11
BRDA:45,2,1,11
BRDA:66,3,0,2
BRDA:66,3,1,2
BRDA:66,3,2,2
BRDA:72,4,0,0
BRDA:72,4,1,2
BRDA:80,5,0,1
BRDA:80,5,1,1
BRDA:97,6,0,1
BRDA:97,6,1,0
BRDA:113,7,0,1
BRDA:113,7,1,0
BRDA:139,8,0,2
BRDA:139,8,1,2
BRDA:139,8,2,2
BRDA:145,9,0,0
BRDA:145,9,1,2
BRDA:153,10,0,1
BRDA:153,10,1,1
BRDA:165,11,0,1
BRDA:165,11,1,0
BRDA:180,12,0,1
BRDA:180,12,1,0
BRDA:206,13,0,2
BRDA:206,13,1,2
BRDA:206,13,2,2
BRDA:212,14,0,0
BRDA:212,14,1,2
BRDA:220,15,0,1
BRDA:220,15,1,1
BRDA:232,16,0,1
BRDA:232,16,1,0
BRDA:247,17,0,1
BRDA:247,17,1,0
BRDA:267,18,0,2
BRDA:267,18,1,0
BRDA:267,18,2,0
BRDA:268,19,0,0
BRDA:268,19,1,2
BRDA:279,20,0,1
BRDA:279,20,1,0
BRDA:287,21,0,1
BRDA:287,21,1,1
BRDA:314,22,0,1
BRDA:314,22,1,0
BRDA:315,23,0,1
BRDA:315,23,1,1
BRDA:318,24,0,0
BRDA:318,24,1,1
BRDA:319,25,0,1
BRDA:319,25,1,1
BRDA:320,26,0,1
BRDA:320,26,1,1
BRDA:321,27,0,1
BRDA:321,27,1,1
BRDA:263,28,0,1
BRDA:263,28,1,0
BRDA:263,29,0,1
BRDA:263,29,1,1
BRDA:49,30,0,1
BRDA:49,30,1,0
BRDA:49,31,0,1
BRDA:49,31,1,1
BRDA:49,32,0,1
BRDA:49,32,1,0
BRDA:49,33,0,1
BRDA:49,33,1,1
BRDA:50,34,0,1
BRDA:50,34,1,0
BRDA:50,35,0,1
BRDA:50,35,1,1
BRF:76
BRH:56
end_of_record
TN:
SF:src/app.module.ts
FNF:0
FNH:0
DA:1,0
DA:2,0
DA:3,0
DA:4,0
DA:5,0
DA:6,0
DA:7,0
DA:8,0
DA:9,0
DA:23,0
LF:10
LH:0
BRF:0
BRH:0
end_of_record
TN:
SF:src/app.service.ts
FN:5,(anonymous_1)
FNF:1
FNH:0
FNDA:0,(anonymous_1)
DA:1,0
DA:4,0
DA:6,0
LF:3
LH:0
BRF:0
BRH:0
end_of_record
TN:
SF:src/discovery.controller.ts
FN:14,(anonymous_4)
FNF:1
FNH:1
FNDA:6,(anonymous_4)
DA:1,1
DA:12,1
DA:14,1
DA:15,6
DA:16,6
DA:17,6
DA:18,6
DA:20,6
DA:455,6
DA:456,6
DA:457,6
LF:11
LH:11
BRDA:15,0,0,6
BRDA:15,0,1,0
BRDA:16,1,0,6
BRDA:16,1,1,0
BRDA:17,2,0,6
BRDA:17,2,1,0
BRDA:18,3,0,6
BRDA:18,3,1,0
BRF:8
BRH:4
end_of_record
TN:
SF:src/main.ts
FN:4,bootstrap
FN:8,(anonymous_1)
FNF:2
FNH:0
FNDA:0,bootstrap
FNDA:0,(anonymous_1)
DA:1,0
DA:2,0
DA:5,0
DA:6,0
DA:8,0
DA:9,0
DA:10,0
LF:7
LH:0
BRDA:6,0,0,0
BRDA:6,0,1,0
BRF:2
BRH:0
end_of_record
TN:
SF:src/mppx.service.ts
FN:14,(anonymous_2)
FN:27,(anonymous_3)
FNF:2
FNH:2
FNDA:5,(anonymous_2)
FNDA:2,(anonymous_3)
DA:1,2
DA:2,2
DA:3,2
DA:4,2
DA:7,2
DA:12,5
DA:14,5
DA:15,5
DA:16,5
DA:17,1
DA:23,4
DA:24,4
DA:25,4
DA:27,4
DA:48,2
DA:60,4
DA:67,4
DA:74,4
DA:81,4
DA:91,4
LF:20
LH:20
BRDA:16,0,0,1
BRDA:16,0,1,4
BRDA:23,1,0,4
BRDA:23,1,1,0
BRDA:24,2,0,4
BRDA:24,2,1,0
BRDA:25,3,0,4
BRDA:25,3,1,4
BRDA:53,4,0,2
BRDA:53,4,1,1
BRDA:87,5,0,4
BRDA:87,5,1,4
BRDA:14,6,0,2
BRDA:14,6,1,0
BRDA:14,7,0,2
BRDA:14,7,1,2
BRF:16
BRH:13
end_of_record
TN:
SF:src/prisma.service.ts
FN:6,(anonymous_1)
FNF:1
FNH:0
FNDA:0,(anonymous_1)
DA:1,4
DA:2,4
DA:5,4
DA:7,0
LF:4
LH:3
BRF:0
BRH:0
end_of_record
TN:
SF:src/relayer.service.ts
FN:34,(anonymous_11)
FN:60,(anonymous_12)
FN:64,(anonymous_13)
FN:71,(anonymous_14)
FNF:4
FNH:4
FNDA:16,(anonymous_11)
FNDA:3,(anonymous_12)
FNDA:1,(anonymous_13)
FNDA:8,(anonymous_14)
DA:1,2
DA:2,2
DA:7,2
DA:8,2
DA:9,2
DA:10,2
DA:12,2
DA:28,2
DA:29,16
DA:32,16
DA:36,16
DA:37,16
DA:39,16
DA:43,16
DA:44,14
DA:45,14
DA:46,13
DA:47,13
DA:51,1
DA:54,2
DA:61,3
DA:65,1
DA:66,1
DA:72,8
DA:73,1
DA:76,7
DA:77,1
DA:82,6
DA:83,1
DA:86,5
DA:87,5
DA:89,5
DA:90,1
DA:93,1
DA:98,4
DA:116,4
DA:117,4
DA:119,4
DA:122,4
DA:123,4
DA:124,2
DA:125,2
DA:127,2
DA:128,2
DA:129,2
LF:45
LH:45
BRDA:36,0,0,16
BRDA:36,0,1,16
BRDA:43,1,0,14
BRDA:43,1,1,2
BRDA:72,2,0,1
BRDA:72,2,1,7
BRDA:76,3,0,1
BRDA:76,3,1,6
BRDA:82,4,0,1
BRDA:82,4,1,5
BRDA:89,5,0,1
BRDA:89,5,1,4
BRDA:106,6,0,3
BRDA:106,6,1,1
BRDA:127,7,0,1
BRDA:127,7,1,1
BRF:16
BRH:16
end_of_record
TN:
SF:src/storage.service.ts
FN:8,(anonymous_2)
FN:10,(anonymous_3)
FN:14,(anonymous_4)
FN:22,(anonymous_5)
FN:36,(anonymous_6)
FN:47,(anonymous_7)
FNF:6
FNH:6
FNDA:24,(anonymous_2)
FNDA:26,(anonymous_3)
FNDA:24,(anonymous_4)
FNDA:8,(anonymous_5)
FNDA:1,(anonymous_6)
FNDA:2,(anonymous_7)
DA:1,4
DA:2,4
DA:7,4
DA:8,24
DA:11,26
DA:15,24
DA:27,8
DA:37,1
DA:38,1
DA:44,1
DA:48,2
LF:11
LH:11
BRDA:31,0,0,6
BRDA:31,0,1,2
BRDA:8,1,0,4
BRDA:8,1,1,0
BRDA:8,2,0,4
BRDA:8,2,1,4
BRF:6
BRH:5
end_of_record
TN:
SF:src/verifier.service.ts
FN:27,parseEsdtTransfer
FN:60,parseMultiEsdtTransfer
FN:132,(anonymous_4)
FN:142,(anonymous_5)
FN:279,(anonymous_6)
FNF:5
FNH:5
FNDA:4,parseEsdtTransfer
FNDA:3,parseMultiEsdtTransfer
FNDA:18,(anonymous_4)
FNDA:18,(anonymous_5)
FNDA:3,(anonymous_6)
DA:1,3
DA:2,3
DA:3,3
DA:4,3
DA:30,4
DA:31,4
DA:33,3
DA:34,3
DA:36,1
DA:37,1
DA:38,1
DA:42,1
DA:43,1
DA:44,1
DA:45,1
DA:49,1
DA:51,0
DA:65,3
DA:66,3
DA:68,2
DA:69,2
DA:70,2
DA:72,2
DA:73,0
DA:76,2
DA:77,2
DA:78,2
DA:79,2
DA:80,2
DA:83,2
DA:85,2
DA:88,2
DA:90,2
DA:91,3
DA:92,3
DA:94,3
DA:97,3
DA:101,3
DA:102,3
DA:103,3
DA:108,2
DA:109,2
DA:110,2
DA:111,2
DA:112,2
DA:113,2
DA:114,2
DA:121,2
DA:123,0
DA:128,3
DA:130,18
DA:132,18
DA:134,18
DA:135,18
DA:152,18
DA:153,18
DA:157,18
DA:159,18
DA:160,18
DA:161,2
DA:162,1
DA:163,1
DA:165,1
DA:171,16
DA:172,1
DA:180,15
DA:182,2
DA:184,2
DA:185,1
DA:193,14
DA:194,1
DA:201,13
DA:202,0
DA:209,13
DA:210,1
DA:211,1
DA:216,12
DA:217,12
DA:218,11
DA:220,1
DA:227,11
DA:228,1
DA:231,1
DA:235,10
DA:236,1
DA:243,9
DA:244,9
DA:246,9
DA:248,4
DA:249,4
DA:253,4
DA:255,1
DA:256,0
DA:261,1
DA:262,0
DA:267,1
DA:271,0
DA:276,3
DA:278,2
DA:279,3
DA:281,2
DA:282,0
DA:287,2
DA:291,0
DA:297,1
DA:305,5
DA:306,5
DA:307,1
DA:313,4
DA:314,1
DA:322,6
DA:329,6
DA:330,6
DA:331,15
DA:332,5
DA:333,5
DA:337,6
DA:338,1
DA:345,5
DA:346,5
DA:350,5
DA:352,0
DA:353,0
LF:123
LH:112
BRDA:31,0,0,1
BRDA:31,0,1,3
BRDA:34,1,0,2
BRDA:34,1,1,1
BRDA:42,2,0,1
BRDA:42,2,1,0
BRDA:44,3,0,1
BRDA:44,3,1,0
BRDA:66,4,0,1
BRDA:66,4,1,2
BRDA:72,5,0,0
BRDA:72,5,1,2
BRDA:72,6,0,2
BRDA:72,6,1,1
BRDA:80,7,0,0
BRDA:80,7,1,2
BRDA:80,8,0,2
BRDA:80,8,1,2
BRDA:88,9,0,1
BRDA:88,9,1,1
BRDA:92,10,0,0
BRDA:92,10,1,3
BRDA:97,11,0,2
BRDA:97,11,1,1
BRDA:112,12,0,2
BRDA:112,12,1,0
BRDA:134,13,0,18
BRDA:134,13,1,18
BRDA:152,14,0,2
BRDA:152,14,1,16
BRDA:160,15,0,2
BRDA:160,15,1,16
BRDA:160,16,0,18
BRDA:160,16,1,17
BRDA:161,17,0,1
BRDA:161,17,1,1
BRDA:171,18,0,1
BRDA:171,18,1,15
BRDA:171,19,0,16
BRDA:171,19,1,15
BRDA:180,20,0,2
BRDA:180,20,1,13
BRDA:182,21,0,2
BRDA:182,21,1,0
BRDA:184,22,0,1
BRDA:184,22,1,1
BRDA:193,23,0,1
BRDA:193,23,1,13
BRDA:193,24,0,14
BRDA:193,24,1,1
BRDA:201,25,0,0
BRDA:201,25,1,13
BRDA:201,26,0,13
BRDA:201,26,1,0
BRDA:209,27,0,1
BRDA:209,27,1,12
BRDA:209,28,0,13
BRDA:209,28,1,13
BRDA:227,29,0,1
BRDA:227,29,1,10
BRDA:228,30,0,0
BRDA:228,30,1,1
BRDA:235,31,0,1
BRDA:235,31,1,9
BRDA:243,32,0,9
BRDA:243,32,1,0
BRDA:246,33,0,4
BRDA:246,33,1,5
BRDA:249,34,0,3
BRDA:249,34,1,1
BRDA:253,35,0,1
BRDA:253,35,1,3
BRDA:255,36,0,0
BRDA:255,36,1,1
BRDA:261,37,0,0
BRDA:261,37,1,1
BRDA:267,38,0,0
BRDA:267,38,1,1
BRDA:268,39,0,1
BRDA:268,39,1,1
BRDA:276,40,0,2
BRDA:276,40,1,1
BRDA:279,41,0,3
BRDA:279,41,1,2
BRDA:281,42,0,0
BRDA:281,42,1,2
BRDA:287,43,0,0
BRDA:287,43,1,2
BRDA:288,44,0,2
BRDA:288,44,1,2
BRDA:305,45,0,5
BRDA:305,45,1,0
BRDA:306,46,0,1
BRDA:306,46,1,4
BRDA:313,47,0,1
BRDA:313,47,1,3
BRDA:313,48,0,4
BRDA:313,48,1,4
BRDA:331,49,0,5
BRDA:331,49,1,10
BRDA:337,50,0,1
BRDA:337,50,1,5
BRDA:355,51,0,0
BRDA:355,51,1,0
BRDA:132,52,0,3
BRDA:132,52,1,0
BRDA:132,53,0,3
BRDA:132,53,1,3
BRF:108
BRH:88
end_of_record
